2022-06-21 16:51:38,876 - INFO     - (1/88) Execution time: 02:41 by 45Sc-6-localomp-n
2022-06-21 16:51:40,487 - INFO     - (2/88) Execution time: 02:42 by 45Sc-5-localomp-n
2022-06-21 16:51:45,601 - INFO     - (3/88) Execution time: 02:48 by 45Sc-1-localomp-n
2022-06-21 16:51:59,378 - INFO     - (4/88) Execution time: 03:01 by 45Sc-2-localomp-n
2022-06-21 16:52:49,785 - INFO     - (5/88) Execution time: 01:03 by 50Ti-5-localomp-n
2022-06-21 16:52:53,786 - INFO     - (6/88) Execution time: 01:13 by 50Ti-1-localomp-n
2022-06-21 16:53:02,280 - INFO     - (7/88) Execution time: 01:01 by 50Ti-6-localomp-n
2022-06-21 16:53:10,460 - INFO     - (8/88) Execution time: 01:28 by 50Ti-2-localomp-n
2022-06-21 16:56:23,294 - INFO     - (9/88) Execution time: 03:32 by 52Cr-1-localomp-n
2022-06-21 16:56:24,718 - INFO     - (10/88) Execution time: 03:21 by 52Cr-5-localomp-n
2022-06-21 16:56:32,908 - INFO     - (11/88) Execution time: 03:21 by 52Cr-6-localomp-n
2022-06-21 16:56:43,950 - INFO     - (12/88) Execution time: 03:49 by 52Cr-2-localomp-n
2022-06-21 16:57:33,549 - INFO     - (13/88) Execution time: 01:09 by 54Cr-1-localomp-n
2022-06-21 16:57:34,989 - INFO     - (14/88) Execution time: 01:01 by 54Cr-5-localomp-n
2022-06-21 16:57:45,678 - INFO     - (15/88) Execution time: 01:19 by 54Cr-2-localomp-n
2022-06-21 16:57:46,232 - INFO     - (16/88) Execution time: 01:01 by 54Cr-6-localomp-n
2022-06-21 16:58:47,786 - INFO     - (17/88) Execution time: 01:13 by 56Fe-1-localomp-n
2022-06-21 16:58:50,483 - INFO     - (18/88) Execution time: 01:03 by 56Fe-5-localomp-n
2022-06-21 16:58:53,155 - INFO     - (19/88) Execution time: 01:05 by 56Fe-6-localomp-n
2022-06-21 16:59:04,178 - INFO     - (20/88) Execution time: 01:28 by 56Fe-2-localomp-n
2022-06-21 16:59:54,947 - INFO     - (21/88) Execution time: 01:00 by 58Fe-5-localomp-n
2022-06-21 16:59:56,526 - INFO     - (22/88) Execution time: 01:07 by 58Fe-1-localomp-n
2022-06-21 17:00:06,060 - INFO     - (23/88) Execution time: 01:00 by 58Fe-6-localomp-n
2022-06-21 17:00:07,894 - INFO     - (24/88) Execution time: 01:16 by 58Fe-2-localomp-n
2022-06-21 17:01:01,449 - INFO     - (25/88) Execution time: 01:05 by 60Ni-1-localomp-n
2022-06-21 17:01:05,984 - INFO     - (26/88) Execution time: 00:58 by 60Ni-5-localomp-n
2022-06-21 17:01:08,252 - INFO     - (27/88) Execution time: 00:59 by 60Ni-6-localomp-n
2022-06-21 17:01:13,719 - INFO     - (28/88) Execution time: 01:16 by 60Ni-2-localomp-n
2022-06-21 17:02:56,320 - INFO     - (29/88) Execution time: 01:53 by 61Ni-1-localomp-n
2022-06-21 17:02:56,670 - INFO     - (30/88) Execution time: 01:47 by 61Ni-5-localomp-n
2022-06-21 17:03:02,165 - INFO     - (31/88) Execution time: 01:47 by 61Ni-6-localomp-n
2022-06-21 17:03:10,630 - INFO     - (32/88) Execution time: 02:03 by 61Ni-2-localomp-n
2022-06-21 17:03:56,679 - INFO     - (33/88) Execution time: 00:59 by 62Ni-1-localomp-n
2022-06-21 17:03:57,928 - INFO     - (34/88) Execution time: 00:54 by 62Ni-5-localomp-n
2022-06-21 17:04:05,006 - INFO     - (35/88) Execution time: 01:06 by 62Ni-2-localomp-n
2022-06-21 17:04:06,830 - INFO     - (36/88) Execution time: 00:55 by 62Ni-6-localomp-n
2022-06-21 17:04:58,303 - INFO     - (37/88) Execution time: 01:00 by 64Ni-1-localomp-n
2022-06-21 17:05:02,796 - INFO     - (38/88) Execution time: 00:56 by 64Ni-5-localomp-n
2022-06-21 17:05:05,582 - INFO     - (39/88) Execution time: 00:57 by 64Ni-6-localomp-n
2022-06-21 17:05:06,113 - INFO     - (40/88) Execution time: 01:07 by 64Ni-2-localomp-n
2022-06-21 17:06:52,600 - INFO     - (41/88) Execution time: 01:53 by 63Cu-1-localomp-n
2022-06-21 17:06:54,083 - INFO     - (42/88) Execution time: 01:47 by 63Cu-5-localomp-n
2022-06-21 17:06:54,874 - INFO     - (43/88) Execution time: 01:47 by 63Cu-6-localomp-n
2022-06-21 17:07:07,146 - INFO     - (44/88) Execution time: 02:03 by 63Cu-2-localomp-n
2022-06-21 17:08:46,396 - INFO     - (45/88) Execution time: 01:50 by 65Cu-5-localomp-n
2022-06-21 17:08:50,106 - INFO     - (46/88) Execution time: 01:56 by 65Cu-1-localomp-n
2022-06-21 17:08:56,531 - INFO     - (47/88) Execution time: 01:48 by 65Cu-6-localomp-n
2022-06-21 17:09:02,094 - INFO     - (48/88) Execution time: 02:07 by 65Cu-2-localomp-n
2022-06-21 17:14:07,550 - INFO     - (49/88) Execution time: 05:20 by 64Zn-1-localomp-n
2022-06-21 17:14:11,175 - INFO     - (50/88) Execution time: 05:20 by 64Zn-2-localomp-n
2022-06-21 17:14:13,847 - INFO     - (51/88) Execution time: 05:16 by 64Zn-5-localomp-n
2022-06-21 17:14:19,283 - INFO     - (52/88) Execution time: 05:16 by 64Zn-6-localomp-n
2022-06-21 17:19:10,132 - INFO     - (53/88) Execution time: 05:01 by 66Zn-1-localomp-n
2022-06-21 17:19:15,954 - INFO     - (54/88) Execution time: 05:03 by 66Zn-2-localomp-n
2022-06-21 17:19:18,046 - INFO     - (55/88) Execution time: 04:57 by 66Zn-6-localomp-n
2022-06-21 17:19:18,182 - INFO     - (56/88) Execution time: 05:03 by 66Zn-5-localomp-n
2022-06-21 17:20:14,447 - INFO     - (57/88) Execution time: 01:03 by 68Zn-1-localomp-n
2022-06-21 17:20:17,807 - INFO     - (58/88) Execution time: 00:58 by 68Zn-5-localomp-n
2022-06-21 17:20:18,405 - INFO     - (59/88) Execution time: 00:58 by 68Zn-6-localomp-n
2022-06-21 17:20:26,648 - INFO     - (60/88) Execution time: 01:09 by 68Zn-2-localomp-n
2022-06-21 17:25:32,178 - INFO     - (61/88) Execution time: 05:12 by 70Ge-5-localomp-n
2022-06-21 17:25:34,906 - INFO     - (62/88) Execution time: 05:19 by 70Ge-1-localomp-n
2022-06-21 17:25:37,761 - INFO     - (63/88) Execution time: 05:10 by 70Ge-6-localomp-n
2022-06-21 17:25:52,071 - INFO     - (64/88) Execution time: 05:33 by 70Ge-2-localomp-n
2022-06-21 17:31:02,748 - INFO     - (65/88) Execution time: 05:29 by 72Ge-1-localomp-n
2022-06-21 17:31:08,025 - INFO     - (66/88) Execution time: 05:29 by 72Ge-5-localomp-n
2022-06-21 17:31:14,925 - INFO     - (67/88) Execution time: 05:39 by 72Ge-2-localomp-n
2022-06-21 17:31:16,253 - INFO     - (68/88) Execution time: 05:23 by 72Ge-6-localomp-n
2022-06-21 17:37:11,230 - INFO     - (69/88) Execution time: 06:07 by 74Ge-1-localomp-n
2022-06-21 17:37:18,718 - INFO     - (70/88) Execution time: 06:01 by 74Ge-6-localomp-n
2022-06-21 17:37:19,488 - INFO     - (71/88) Execution time: 06:03 by 74Ge-5-localomp-n
2022-06-21 17:37:26,216 - INFO     - (72/88) Execution time: 06:17 by 74Ge-2-localomp-n
2022-06-21 17:38:38,275 - INFO     - (73/88) Execution time: 01:17 by 84Sr-5-localomp-n
2022-06-21 17:38:41,879 - INFO     - (74/88) Execution time: 01:29 by 84Sr-1-localomp-n
2022-06-21 17:38:43,449 - INFO     - (75/88) Execution time: 01:16 by 84Sr-6-localomp-n
2022-06-21 17:39:06,400 - INFO     - (76/88) Execution time: 01:46 by 84Sr-2-localomp-n
2022-06-21 17:39:58,620 - INFO     - (77/88) Execution time: 01:14 by 86Sr-5-localomp-n
2022-06-21 17:40:05,236 - INFO     - (78/88) Execution time: 01:25 by 86Sr-1-localomp-n
2022-06-21 17:40:20,286 - INFO     - (79/88) Execution time: 01:37 by 86Sr-2-localomp-n
2022-06-21 17:40:21,822 - INFO     - (80/88) Execution time: 01:14 by 86Sr-6-localomp-n
2022-06-21 17:41:19,601 - INFO     - (81/88) Execution time: 01:19 by 88Sr-1-localomp-n
2022-06-21 17:41:31,336 - INFO     - (82/88) Execution time: 01:10 by 88Sr-5-localomp-n
2022-06-21 17:41:32,371 - INFO     - (83/88) Execution time: 01:09 by 88Sr-6-localomp-n
2022-06-21 17:41:39,113 - INFO     - (84/88) Execution time: 01:32 by 88Sr-2-localomp-n
2022-06-21 17:41:40,120 - INFO     - Total elapsed time: 02:52:42
2022-06-21 17:41:40,122 - INFO     - sending shutdown message to manager
2022-06-21 17:42:59,169 - INFO     - (85/88) Execution time: 01:38 by 89Y-1-localomp-n
2022-06-21 17:43:00,661 - INFO     - (86/88) Execution time: 01:27 by 89Y-5-localomp-n
2022-06-21 17:43:07,330 - INFO     - (87/88) Execution time: 01:27 by 89Y-6-localomp-n
2022-06-21 17:43:19,895 - INFO     - (88/88) Execution time: 01:47 by 89Y-2-localomp-n
